[2023-07-01 12:55:47,303] 22 root -INFO Starting data ingestion
[2023-07-01 12:55:49,033] 25 root -INFO raw data reading complete
[2023-07-01 12:55:50,175] 33 root -INFO train and test split is done
[2023-07-01 12:55:51,225] 39 root -INFO data ingestion complete
[2023-07-01 12:55:51,489] 78 root -INFO Read train and test data completed
[2023-07-01 12:55:51,494] 79 root -INFO Train Dataframe Head : 
       id  carat        cut color clarity  depth  table     x     y     z  price
0   32902   1.01      Ideal     I     SI2   62.1   56.0  6.39  6.41  3.98   4078
1   57798   1.08      Ideal     H     VS2   62.7   55.0  6.53  6.59  4.09   5851
2  126937   2.02    Premium     I     VS2   59.8   60.0  8.20  8.28  4.92  16383
3   78503   0.32  Very Good     G     SI1   63.0   56.0  4.33  4.36  2.74    477
4   22179   0.74       Good     E     SI2   63.4   64.0  5.76  5.71  3.63   2401
[2023-07-01 12:55:51,498] 80 root -INFO Test Dataframe Head  : 
       id  carat        cut color clarity  depth  table     x     y     z  price
0   14868   0.50      Ideal     D     SI1   62.1   57.0  5.05  5.08  3.14   1355
1  165613   2.00  Very Good     G     SI2   59.5   57.0  8.08  8.15  4.89  14691
2   96727   0.27    Premium     E    VVS1   60.5   59.0  4.19  4.16  2.52    844
3  145593   0.32    Premium     I    VVS1   61.2   59.0  4.43  4.44  2.71    707
4  118689   1.19      Ideal     H     SI1   62.5   56.0  6.77  6.81  4.23   5797
[2023-07-01 12:55:51,498] 82 root -INFO Obtaining preprocessing object
[2023-07-01 12:55:51,498] 27 root -INFO Data Transformation initiated
[2023-07-01 12:55:51,498] 37 root -INFO Pipeline Initiated
[2023-07-01 12:55:51,823] 100 root -INFO Applying preprocessing object on training and testing datasets.
[2023-07-01 12:55:51,831] 121 root -INFO Exception occured in the initiate_datatransformation
